2020-11-15 19:54:33,774 ERROR: Exception on /index [GET] [in /home/amboss/microblog/venv/lib/python3.8/site-packages/flask/app.py:1891]
Traceback (most recent call last):
  File "/home/amboss/microblog/venv/lib/python3.8/site-packages/flask/app.py", line 2447, in wsgi_app
    response = self.full_dispatch_request()
  File "/home/amboss/microblog/venv/lib/python3.8/site-packages/flask/app.py", line 1952, in full_dispatch_request
    rv = self.handle_user_exception(e)
  File "/home/amboss/microblog/venv/lib/python3.8/site-packages/flask/app.py", line 1821, in handle_user_exception
    reraise(exc_type, exc_value, tb)
  File "/home/amboss/microblog/venv/lib/python3.8/site-packages/flask/_compat.py", line 39, in reraise
    raise value
  File "/home/amboss/microblog/venv/lib/python3.8/site-packages/flask/app.py", line 1950, in full_dispatch_request
    rv = self.dispatch_request()
  File "/home/amboss/microblog/venv/lib/python3.8/site-packages/flask/app.py", line 1936, in dispatch_request
    return self.view_functions[rule.endpoint](**req.view_args)
  File "/home/amboss/microblog/venv/lib/python3.8/site-packages/flask_login/utils.py", line 272, in decorated_view
    return func(*args, **kwargs)
  File "/home/amboss/microblog/app/routes.py", line 35, in index
    return render_template('index.html', title='Home', form=form,
  File "/home/amboss/microblog/venv/lib/python3.8/site-packages/flask/templating.py", line 137, in render_template
    return _render(
  File "/home/amboss/microblog/venv/lib/python3.8/site-packages/flask/templating.py", line 120, in _render
    rv = template.render(context)
  File "/home/amboss/microblog/venv/lib/python3.8/site-packages/jinja2/environment.py", line 1090, in render
    self.environment.handle_exception()
  File "/home/amboss/microblog/venv/lib/python3.8/site-packages/jinja2/environment.py", line 832, in handle_exception
    reraise(*rewrite_traceback_stack(source=source))
  File "/home/amboss/microblog/venv/lib/python3.8/site-packages/jinja2/_compat.py", line 28, in reraise
    raise value.with_traceback(tb)
  File "/home/amboss/microblog/app/templates/index.html", line 2, in top-level template code
    {% import 'bootstrap/wtf.html' as wtf %}
  File "/home/amboss/microblog/app/templates/base.html", line 1, in top-level template code
    {% extends 'bootstrap/base.html' %}
  File "/home/amboss/microblog/venv/lib/python3.8/site-packages/flask_bootstrap/templates/bootstrap/base.html", line 1, in top-level template code
    {% block doc -%}
  File "/home/amboss/microblog/venv/lib/python3.8/site-packages/flask_bootstrap/templates/bootstrap/base.html", line 4, in block "doc"
    {%- block html %}
  File "/home/amboss/microblog/venv/lib/python3.8/site-packages/flask_bootstrap/templates/bootstrap/base.html", line 20, in block "html"
    {% block body -%}
  File "/home/amboss/microblog/venv/lib/python3.8/site-packages/flask_bootstrap/templates/bootstrap/base.html", line 23, in block "body"
    {% block content -%}
  File "/home/amboss/microblog/app/templates/base.html", line 60, in block "content"
    {% block app_content %}{% endblock %}
  File "/home/amboss/microblog/app/templates/index.html", line 12, in block "app_content"
    {% include '_post.html' %}
  File "/home/amboss/microblog/venv/lib/python3.8/site-packages/jinja2/environment.py", line 832, in handle_exception
    reraise(*rewrite_traceback_stack(source=source))
  File "/home/amboss/microblog/venv/lib/python3.8/site-packages/jinja2/_compat.py", line 28, in reraise
    raise value.with_traceback(tb)
  File "/home/amboss/microblog/app/templates/_post.html", line 15, in template
    username=user_link, when=moment(post.timestamp).fromNow() }}
jinja2.exceptions.TemplateSyntaxError: unexpected '}', expected ')'
2020-11-15 19:54:54,009 INFO: Microblog startup [in /home/amboss/microblog/app/__init__.py:41]
2020-11-15 20:03:22,250 INFO: Microblog startup [in /home/amboss/microblog/app/__init__.py:41]
2020-11-15 20:21:08,984 INFO: Microblog startup [in /home/amboss/microblog/app/__init__.py:41]
2020-11-15 20:23:16,726 INFO: Microblog startup [in /home/amboss/microblog/app/__init__.py:41]
2020-11-15 20:24:14,640 INFO: Microblog startup [in /home/amboss/microblog/app/__init__.py:41]
2020-11-16 12:56:08,085 INFO: Microblog startup [in /home/amboss/microblog/app/__init__.py:41]
2020-11-16 13:16:07,907 INFO: Microblog startup [in /home/amboss/microblog/app/__init__.py:40]
2020-11-16 13:16:45,604 INFO: Microblog startup [in /home/amboss/microblog/app/__init__.py:40]
2020-11-16 13:19:42,041 INFO: Microblog startup [in /home/amboss/microblog/app/__init__.py:40]
2020-11-16 13:23:41,461 INFO: Microblog startup [in /home/amboss/microblog/app/__init__.py:40]
2020-11-16 13:37:18,509 INFO: Microblog startup [in /home/amboss/microblog/app/__init__.py:40]
2020-11-16 13:37:27,517 INFO: Microblog startup [in /home/amboss/microblog/app/__init__.py:40]
2020-11-16 13:38:46,386 INFO: Microblog startup [in /home/amboss/microblog/app/__init__.py:40]
2020-11-16 13:39:34,405 INFO: Microblog startup [in /home/amboss/microblog/app/__init__.py:40]
2020-11-16 13:40:08,279 INFO: Microblog startup [in /home/amboss/microblog/app/__init__.py:40]
2020-11-16 13:41:13,853 INFO: Microblog startup [in /home/amboss/microblog/app/__init__.py:40]
2020-11-16 13:41:47,732 INFO: Microblog startup [in /home/amboss/microblog/app/__init__.py:40]
2020-11-16 18:31:56,372 INFO: Microblog startup [in /home/amboss/microblog/app/__init__.py:40]
2020-11-16 18:36:07,513 INFO: Microblog startup [in /home/amboss/microblog/app/__init__.py:40]
2020-11-16 18:38:07,267 INFO: Microblog startup [in /home/amboss/microblog/app/__init__.py:40]
2020-11-16 18:43:00,797 INFO: Microblog startup [in /home/amboss/microblog/app/__init__.py:40]
2020-11-16 18:43:25,058 INFO: Microblog startup [in /home/amboss/microblog/app/__init__.py:40]
2020-11-16 18:44:38,310 INFO: Microblog startup [in /home/amboss/microblog/app/__init__.py:40]
2020-11-16 18:45:07,112 INFO: Microblog startup [in /home/amboss/microblog/app/__init__.py:40]
2020-11-16 18:45:25,212 INFO: Microblog startup [in /home/amboss/microblog/app/__init__.py:40]
2020-11-16 18:46:09,521 INFO: Microblog startup [in /home/amboss/microblog/app/__init__.py:40]
2020-11-16 18:46:29,908 INFO: Microblog startup [in /home/amboss/microblog/app/__init__.py:40]
2020-11-16 18:59:12,099 INFO: Microblog startup [in /home/amboss/microblog/app/__init__.py:40]
2020-11-16 18:59:40,266 INFO: Microblog startup [in /home/amboss/microblog/app/__init__.py:40]
2020-11-16 19:01:40,064 INFO: Microblog startup [in /home/amboss/microblog/app/__init__.py:40]
2020-11-16 19:01:48,361 INFO: Microblog startup [in /home/amboss/microblog/app/__init__.py:40]
2020-11-16 19:02:11,925 INFO: Microblog startup [in /home/amboss/microblog/app/__init__.py:40]
2020-11-16 19:02:16,590 INFO: Microblog startup [in /home/amboss/microblog/app/__init__.py:40]
2020-11-16 19:03:18,715 INFO: Microblog startup [in /home/amboss/microblog/app/__init__.py:40]
2020-11-16 19:03:44,390 INFO: Microblog startup [in /home/amboss/microblog/app/__init__.py:40]
2020-11-16 19:03:52,164 INFO: Microblog startup [in /home/amboss/microblog/app/__init__.py:40]
2020-11-16 19:05:40,760 INFO: Microblog startup [in /home/amboss/microblog/app/__init__.py:40]
2020-11-16 19:07:34,066 INFO: Microblog startup [in /home/amboss/microblog/app/__init__.py:40]
2020-11-16 19:07:39,188 INFO: Microblog startup [in /home/amboss/microblog/app/__init__.py:40]
2020-11-16 19:09:38,676 INFO: Microblog startup [in /home/amboss/microblog/app/__init__.py:40]
2020-11-16 19:10:11,255 INFO: Microblog startup [in /home/amboss/microblog/app/__init__.py:40]
2020-11-16 19:27:12,171 INFO: Microblog startup [in /home/amboss/microblog/app/__init__.py:40]
2020-11-16 19:28:53,379 INFO: Microblog startup [in /home/amboss/microblog/app/__init__.py:40]
2020-11-16 19:31:02,756 INFO: Microblog startup [in /home/amboss/microblog/app/__init__.py:40]
2020-11-16 19:32:36,619 INFO: Microblog startup [in /home/amboss/microblog/app/__init__.py:40]
2020-11-16 19:34:04,732 INFO: Microblog startup [in /home/amboss/microblog/app/__init__.py:40]
2020-11-16 19:37:11,345 INFO: Microblog startup [in /home/amboss/microblog/app/__init__.py:40]
2020-11-16 19:43:08,218 INFO: Microblog startup [in /home/amboss/microblog/app/__init__.py:40]
2020-11-16 19:56:04,719 INFO: Microblog startup [in /home/amboss/microblog/app/__init__.py:40]
2020-11-16 20:06:42,042 INFO: Microblog startup [in /home/amboss/microblog/app/__init__.py:40]
2020-11-16 20:09:04,341 INFO: Microblog startup [in /home/amboss/microblog/app/__init__.py:40]
2020-11-16 20:09:10,016 INFO: Microblog startup [in /home/amboss/microblog/app/__init__.py:40]
2020-11-16 20:12:56,291 INFO: Microblog startup [in /home/amboss/microblog/app/__init__.py:40]
2020-11-16 20:40:54,610 INFO: Microblog startup [in /home/amboss/microblog/app/__init__.py:40]
2020-11-16 20:42:54,017 INFO: Microblog startup [in /home/amboss/microblog/app/__init__.py:40]
2020-11-16 20:44:30,065 INFO: Microblog startup [in /home/amboss/microblog/app/__init__.py:40]
2020-11-16 20:47:02,985 INFO: Microblog startup [in /home/amboss/microblog/app/__init__.py:40]
2020-11-16 20:48:18,468 INFO: Microblog startup [in /home/amboss/microblog/app/__init__.py:40]
2020-11-16 20:50:01,040 INFO: Microblog startup [in /home/amboss/microblog/app/__init__.py:40]
2020-11-16 20:53:01,042 INFO: Microblog startup [in /home/amboss/microblog/app/__init__.py:40]
2020-11-16 20:56:03,026 INFO: Microblog startup [in /home/amboss/microblog/app/__init__.py:40]
2020-11-16 20:58:39,156 INFO: Microblog startup [in /home/amboss/microblog/app/__init__.py:40]
2020-11-16 21:01:56,858 INFO: Microblog startup [in /home/amboss/microblog/app/__init__.py:40]
2020-11-16 21:04:57,438 INFO: Microblog startup [in /home/amboss/microblog/app/__init__.py:40]
2020-11-16 21:05:32,964 INFO: Microblog startup [in /home/amboss/microblog/app/__init__.py:40]
2020-11-17 18:27:05,330 INFO: Microblog startup [in /home/amboss/microblog/app/__init__.py:40]
2020-11-17 18:27:52,990 INFO: Microblog startup [in /home/amboss/microblog/app/__init__.py:40]
